\BOOKMARK [1][-]{section.1}{\376\377\165\050\142\067\142\113\121\214}{}% 1
\BOOKMARK [2][-]{subsection.1.1}{\376\377\137\025\212\000}{section.1}% 2
\BOOKMARK [3][-]{subsubsection.1.1.1}{\376\377\177\026\121\231\166\356\166\204}{subsection.1.1}% 3
\BOOKMARK [3][-]{subsubsection.1.1.2}{\376\377\230\171\166\356\200\314\146\157}{subsection.1.1}% 4
\BOOKMARK [2][-]{subsection.1.2}{\376\377\217\157\116\366\151\202\217\360}{section.1}% 5
\BOOKMARK [3][-]{subsubsection.1.2.1}{\376\377\166\356\150\007}{subsection.1.2}% 6
\BOOKMARK [3][-]{subsubsection.1.2.2}{\376\377\122\237\200\375}{subsection.1.2}% 7
\BOOKMARK [3][-]{subsubsection.1.2.3}{\376\377\217\320\210\114\163\257\130\203\116\016\133\211\210\305\155\101\172\013}{subsection.1.2}% 8
\BOOKMARK [2][-]{subsection.1.3}{\376\377\145\160\143\156}{section.1}% 9
\BOOKMARK [3][-]{subsubsection.1.3.1}{\376\377\145\160\143\156\200\314\146\157}{subsection.1.3}% 10
\BOOKMARK [3][-]{subsubsection.1.3.2}{\376\377\217\223\121\145}{subsection.1.3}% 11
\BOOKMARK [3][-]{subsubsection.1.3.3}{\376\377\217\223\121\372}{subsection.1.3}% 12
\BOOKMARK [2][-]{subsection.1.4}{\376\377\217\320\210\114\145\271\154\325}{section.1}% 13
\BOOKMARK [2][-]{subsection.1.5}{\376\377\217\320\210\114\123\302\145\160}{section.1}% 14
\BOOKMARK [2][-]{subsection.1.6}{\376\377\121\372\225\031\116\016\140\142\131\015}{section.1}% 15
\BOOKMARK [2][-]{subsection.1.7}{\376\377\156\220\145\207\116\366\116\000\211\310}{section.1}% 16
\BOOKMARK [1][-]{section.2}{\376\377\177\026\172\013\211\304\203\003}{}% 17
\BOOKMARK [1][-]{section.3}{\376\377\215\050\221\317\122\006\147\220}{}% 18
\BOOKMARK [1][-]{section.4}{\376\377\123\125\121\103\155\113\213\325}{}% 19
\BOOKMARK [1][-]{section.5}{\376\377\211\206\166\326\176\337\213\241}{}% 20
